<?xml version="1.0" encoding="UTF-8" ?>
<testsuite errors="0" failures="0" hostname="YUAN-PC" name="medrecapp.Services.JaminanServiceTest" skipped="0" tests="4" time="0.95" timestamp="2014-01-19T14:43:38">
  <properties>
[...]
</properties>
  <testcase classname="medrecapp.Services.JaminanServiceTest" name="a_insertJaminan" time="0.57" />
  <testcase classname="medrecapp.Services.JaminanServiceTest" name="b_updateJaminan" time="0.04" />
  <testcase classname="medrecapp.Services.JaminanServiceTest" name="c_deleteJaminan" time="0.03" />
  <testcase classname="medrecapp.Services.JaminanServiceTest" name="d_getAllJaminan" time="0.0" />
  <system-out><![CDATA[1. serviceInsertJaminan
2. serviceUpdateJaminan
3. serviceDeleteJaminan
4. serviceGetAllJaminan
]]></system-out>
  <system-err><![CDATA[]]></system-err>
</testsuite>
